<?xml version="1.0" encoding="UTF-8"?>
<!-- Generated by org.testng.reporters.JUnitReportReporter -->
<testsuite hostname="sapc028" name="pokemon.SearchPokemonGoTest" tests="2" failures="0" timestamp="19 Jul 2016 15:05:13 GMT" time="9.837" errors="0">
  <testcase name="PokemonGo" time="4.750" classname="pokemon.SearchPokemonGoTest"/>
  <testcase name="PokemonGo" time="5.087" classname="pokemon.SearchPokemonGoTest"/>
</testsuite> <!-- pokemon.SearchPokemonGoTest -->
